{"/home/ubuntu/retro-g/mi-api/index.js": {"path":"/home/ubuntu/retro-g/mi-api/index.js","statementMap":{"0":{"start":{"line":1,"column":16},"end":{"line":1,"column":34}},"1":{"start":{"line":2,"column":13},"end":{"line":2,"column":28}},"2":{"start":{"line":3,"column":18},"end":{"line":3,"column":47}},"3":{"start":{"line":4,"column":21},"end":{"line":4,"column":52}},"4":{"start":{"line":7,"column":0},"end":{"line":7,"column":27}},"5":{"start":{"line":9,"column":12},"end":{"line":9,"column":21}},"6":{"start":{"line":10,"column":13},"end":{"line":10,"column":37}},"7":{"start":{"line":13,"column":0},"end":{"line":13,"column":24}},"8":{"start":{"line":14,"column":0},"end":{"line":14,"column":16}},"9":{"start":{"line":17,"column":0},"end":{"line":17,"column":57}},"10":{"start":{"line":18,"column":0},"end":{"line":18,"column":66}},"11":{"start":{"line":21,"column":0},"end":{"line":21,"column":69}},"12":{"start":{"line":24,"column":0},"end":{"line":26,"column":3}},"13":{"start":{"line":25,"column":2},"end":{"line":25,"column":90}},"14":{"start":{"line":31,"column":0},"end":{"line":34,"column":3}},"15":{"start":{"line":32,"column":4},"end":{"line":32,"column":74}},"16":{"start":{"line":33,"column":4},"end":{"line":33,"column":73}},"17":{"start":{"line":37,"column":0},"end":{"line":39,"column":3}},"18":{"start":{"line":38,"column":4},"end":{"line":38,"column":58}},"19":{"start":{"line":45,"column":0},"end":{"line":49,"column":1}},"20":{"start":{"line":46,"column":4},"end":{"line":48,"column":7}},"21":{"start":{"line":47,"column":8},"end":{"line":47,"column":62}},"22":{"start":{"line":51,"column":0},"end":{"line":51,"column":21}}},"fnMap":{"0":{"name":"(anonymous_0)","decl":{"start":{"line":24,"column":13},"end":{"line":24,"column":14}},"loc":{"start":{"line":24,"column":27},"end":{"line":26,"column":1}},"line":24},"1":{"name":"(anonymous_1)","decl":{"start":{"line":31,"column":8},"end":{"line":31,"column":9}},"loc":{"start":{"line":31,"column":28},"end":{"line":34,"column":1}},"line":31},"2":{"name":"(anonymous_2)","decl":{"start":{"line":37,"column":28},"end":{"line":37,"column":29}},"loc":{"start":{"line":37,"column":34},"end":{"line":39,"column":1}},"line":37},"3":{"name":"(anonymous_3)","decl":{"start":{"line":46,"column":32},"end":{"line":46,"column":33}},"loc":{"start":{"line":46,"column":38},"end":{"line":48,"column":5}},"line":46}},"branchMap":{"0":{"loc":{"start":{"line":10,"column":13},"end":{"line":10,"column":37}},"type":"binary-expr","locations":[{"start":{"line":10,"column":13},"end":{"line":10,"column":29}},{"start":{"line":10,"column":33},"end":{"line":10,"column":37}}],"line":10},"1":{"loc":{"start":{"line":45,"column":0},"end":{"line":49,"column":1}},"type":"if","locations":[{"start":{"line":45,"column":0},"end":{"line":49,"column":1}},{"start":{},"end":{}}],"line":45}},"s":{"0":1,"1":1,"2":1,"3":1,"4":1,"5":1,"6":1,"7":1,"8":1,"9":1,"10":1,"11":1,"12":1,"13":1,"14":1,"15":0,"16":0,"17":1,"18":1,"19":1,"20":0,"21":0,"22":1},"f":{"0":1,"1":0,"2":1,"3":0},"b":{"0":[1,0],"1":[0,1]},"_coverageSchema":"1a1c01bbd47fc00a2c39e90264f33305004495a9","hash":"b27a7e63b3432584b1036c29064b7ba3a33c7426"}
,"/home/ubuntu/retro-g/mi-api/src/config/db.js": {"path":"/home/ubuntu/retro-g/mi-api/src/config/db.js","statementMap":{"0":{"start":{"line":1,"column":17},"end":{"line":1,"column":30}},"1":{"start":{"line":2,"column":0},"end":{"line":2,"column":27}},"2":{"start":{"line":5,"column":13},"end":{"line":14,"column":2}},"3":{"start":{"line":16,"column":0},"end":{"line":16,"column":22}}},"fnMap":{},"branchMap":{},"s":{"0":1,"1":1,"2":1,"3":1},"f":{},"b":{},"_coverageSchema":"1a1c01bbd47fc00a2c39e90264f33305004495a9","hash":"62615551d7e8602457e3cbc208fa1af4f90264ad"}
,"/home/ubuntu/retro-g/mi-api/src/config/swagger.js": {"path":"/home/ubuntu/retro-g/mi-api/src/config/swagger.js","statementMap":{"0":{"start":{"line":1,"column":21},"end":{"line":1,"column":45}},"1":{"start":{"line":2,"column":0},"end":{"line":2,"column":27}},"2":{"start":{"line":4,"column":16},"end":{"line":109,"column":1}},"3":{"start":{"line":111,"column":14},"end":{"line":111,"column":35}},"4":{"start":{"line":112,"column":0},"end":{"line":112,"column":23}}},"fnMap":{},"branchMap":{},"s":{"0":1,"1":1,"2":1,"3":1,"4":1},"f":{},"b":{},"_coverageSchema":"1a1c01bbd47fc00a2c39e90264f33305004495a9","hash":"f9732ef3749d8dbf343a85c5888a6ae042bf1a06"}
,"/home/ubuntu/retro-g/mi-api/src/controllers/authController.js": {"path":"/home/ubuntu/retro-g/mi-api/src/controllers/authController.js","statementMap":{"0":{"start":{"line":1,"column":15},"end":{"line":1,"column":34}},"1":{"start":{"line":2,"column":12},"end":{"line":2,"column":35}},"2":{"start":{"line":3,"column":21},"end":{"line":3,"column":54}},"3":{"start":{"line":6,"column":0},"end":{"line":24,"column":2}},"4":{"start":{"line":7,"column":30},"end":{"line":7,"column":38}},"5":{"start":{"line":8,"column":2},"end":{"line":23,"column":3}},"6":{"start":{"line":9,"column":17},"end":{"line":9,"column":54}},"7":{"start":{"line":10,"column":4},"end":{"line":10,"column":81}},"8":{"start":{"line":10,"column":15},"end":{"line":10,"column":81}},"9":{"start":{"line":12,"column":27},"end":{"line":12,"column":72}},"10":{"start":{"line":13,"column":4},"end":{"line":13,"column":91}},"11":{"start":{"line":13,"column":25},"end":{"line":13,"column":91}},"12":{"start":{"line":15,"column":18},"end":{"line":19,"column":5}},"13":{"start":{"line":20,"column":4},"end":{"line":20,"column":70}},"14":{"start":{"line":22,"column":4},"end":{"line":22,"column":51}},"15":{"start":{"line":27,"column":0},"end":{"line":45,"column":2}},"16":{"start":{"line":28,"column":43},"end":{"line":28,"column":51}},"17":{"start":{"line":29,"column":2},"end":{"line":44,"column":3}},"18":{"start":{"line":30,"column":17},"end":{"line":30,"column":41}},"19":{"start":{"line":31,"column":27},"end":{"line":31,"column":60}},"20":{"start":{"line":33,"column":25},"end":{"line":38,"column":6}},"21":{"start":{"line":40,"column":4},"end":{"line":40,"column":80}},"22":{"start":{"line":42,"column":4},"end":{"line":42,"column":25}},"23":{"start":{"line":43,"column":4},"end":{"line":43,"column":58}}},"fnMap":{"0":{"name":"(anonymous_0)","decl":{"start":{"line":6,"column":16},"end":{"line":6,"column":17}},"loc":{"start":{"line":6,"column":36},"end":{"line":24,"column":1}},"line":6},"1":{"name":"(anonymous_1)","decl":{"start":{"line":27,"column":19},"end":{"line":27,"column":20}},"loc":{"start":{"line":27,"column":39},"end":{"line":45,"column":1}},"line":27}},"branchMap":{"0":{"loc":{"start":{"line":10,"column":4},"end":{"line":10,"column":81}},"type":"if","locations":[{"start":{"line":10,"column":4},"end":{"line":10,"column":81}},{"start":{},"end":{}}],"line":10},"1":{"loc":{"start":{"line":13,"column":4},"end":{"line":13,"column":91}},"type":"if","locations":[{"start":{"line":13,"column":4},"end":{"line":13,"column":91}},{"start":{},"end":{}}],"line":13},"2":{"loc":{"start":{"line":17,"column":6},"end":{"line":17,"column":41}},"type":"binary-expr","locations":[{"start":{"line":17,"column":6},"end":{"line":17,"column":28}},{"start":{"line":17,"column":32},"end":{"line":17,"column":41}}],"line":17}},"s":{"0":1,"1":1,"2":1,"3":1,"4":1,"5":1,"6":1,"7":1,"8":1,"9":0,"10":0,"11":0,"12":0,"13":0,"14":0,"15":1,"16":0,"17":0,"18":0,"19":0,"20":0,"21":0,"22":0,"23":0},"f":{"0":1,"1":0},"b":{"0":[1,0],"1":[0,0],"2":[0,0]},"_coverageSchema":"1a1c01bbd47fc00a2c39e90264f33305004495a9","hash":"d1176860048fb8ac1120a64075f50771a67179bd"}
,"/home/ubuntu/retro-g/mi-api/src/controllers/productoController.js": {"path":"/home/ubuntu/retro-g/mi-api/src/controllers/productoController.js","statementMap":{"0":{"start":{"line":1,"column":13},"end":{"line":1,"column":36}},"1":{"start":{"line":4,"column":0},"end":{"line":15,"column":2}},"2":{"start":{"line":5,"column":2},"end":{"line":14,"column":3}},"3":{"start":{"line":7,"column":19},"end":{"line":7,"column":62}},"4":{"start":{"line":10,"column":4},"end":{"line":10,"column":26}},"5":{"start":{"line":12,"column":4},"end":{"line":12,"column":25}},"6":{"start":{"line":13,"column":4},"end":{"line":13,"column":66}},"7":{"start":{"line":18,"column":0},"end":{"line":29,"column":2}},"8":{"start":{"line":19,"column":17},"end":{"line":19,"column":27}},"9":{"start":{"line":20,"column":2},"end":{"line":28,"column":3}},"10":{"start":{"line":21,"column":19},"end":{"line":21,"column":82}},"11":{"start":{"line":22,"column":4},"end":{"line":24,"column":5}},"12":{"start":{"line":23,"column":6},"end":{"line":23,"column":73}},"13":{"start":{"line":25,"column":4},"end":{"line":25,"column":29}},"14":{"start":{"line":27,"column":4},"end":{"line":27,"column":51}},"15":{"start":{"line":32,"column":0},"end":{"line":43,"column":2}},"16":{"start":{"line":33,"column":68},"end":{"line":33,"column":76}},"17":{"start":{"line":34,"column":2},"end":{"line":42,"column":3}},"18":{"start":{"line":35,"column":19},"end":{"line":38,"column":5}},"19":{"start":{"line":39,"column":4},"end":{"line":39,"column":41}},"20":{"start":{"line":41,"column":4},"end":{"line":41,"column":51}},"21":{"start":{"line":46,"column":0},"end":{"line":54,"column":2}},"22":{"start":{"line":47,"column":19},"end":{"line":47,"column":29}},"23":{"start":{"line":48,"column":4},"end":{"line":53,"column":5}},"24":{"start":{"line":49,"column":8},"end":{"line":49,"column":70}},"25":{"start":{"line":50,"column":8},"end":{"line":50,"column":52}},"26":{"start":{"line":52,"column":8},"end":{"line":52,"column":55}},"27":{"start":{"line":57,"column":0},"end":{"line":60,"column":2}},"28":{"start":{"line":59,"column":4},"end":{"line":59,"column":60}}},"fnMap":{"0":{"name":"(anonymous_0)","decl":{"start":{"line":4,"column":26},"end":{"line":4,"column":27}},"loc":{"start":{"line":4,"column":46},"end":{"line":15,"column":1}},"line":4},"1":{"name":"(anonymous_1)","decl":{"start":{"line":18,"column":26},"end":{"line":18,"column":27}},"loc":{"start":{"line":18,"column":46},"end":{"line":29,"column":1}},"line":18},"2":{"name":"(anonymous_2)","decl":{"start":{"line":32,"column":25},"end":{"line":32,"column":26}},"loc":{"start":{"line":32,"column":45},"end":{"line":43,"column":1}},"line":32},"3":{"name":"(anonymous_3)","decl":{"start":{"line":46,"column":25},"end":{"line":46,"column":26}},"loc":{"start":{"line":46,"column":45},"end":{"line":54,"column":1}},"line":46},"4":{"name":"(anonymous_4)","decl":{"start":{"line":57,"column":25},"end":{"line":57,"column":26}},"loc":{"start":{"line":57,"column":45},"end":{"line":60,"column":1}},"line":57}},"branchMap":{"0":{"loc":{"start":{"line":22,"column":4},"end":{"line":24,"column":5}},"type":"if","locations":[{"start":{"line":22,"column":4},"end":{"line":24,"column":5}},{"start":{},"end":{}}],"line":22}},"s":{"0":1,"1":1,"2":0,"3":0,"4":0,"5":0,"6":0,"7":1,"8":0,"9":0,"10":0,"11":0,"12":0,"13":0,"14":0,"15":1,"16":0,"17":0,"18":0,"19":0,"20":0,"21":1,"22":0,"23":0,"24":0,"25":0,"26":0,"27":1,"28":0},"f":{"0":0,"1":0,"2":0,"3":0,"4":0},"b":{"0":[0,0]},"_coverageSchema":"1a1c01bbd47fc00a2c39e90264f33305004495a9","hash":"5f054fe02c86ebdc1dafe7466c7a6aa3befa5b1a"}
,"/home/ubuntu/retro-g/mi-api/src/middleware/authMiddleware.js": {"path":"/home/ubuntu/retro-g/mi-api/src/middleware/authMiddleware.js","statementMap":{"0":{"start":{"line":1,"column":12},"end":{"line":1,"column":35}},"1":{"start":{"line":3,"column":0},"end":{"line":27,"column":2}},"2":{"start":{"line":5,"column":16},"end":{"line":5,"column":43}},"3":{"start":{"line":8,"column":2},"end":{"line":10,"column":3}},"4":{"start":{"line":9,"column":4},"end":{"line":9,"column":75}},"5":{"start":{"line":12,"column":2},"end":{"line":26,"column":3}},"6":{"start":{"line":14,"column":24},"end":{"line":14,"column":52}},"7":{"start":{"line":17,"column":20},"end":{"line":17,"column":80}},"8":{"start":{"line":20,"column":4},"end":{"line":20,"column":26}},"9":{"start":{"line":23,"column":4},"end":{"line":23,"column":11}},"10":{"start":{"line":25,"column":4},"end":{"line":25,"column":53}}},"fnMap":{"0":{"name":"(anonymous_0)","decl":{"start":{"line":3,"column":17},"end":{"line":3,"column":18}},"loc":{"start":{"line":3,"column":43},"end":{"line":27,"column":1}},"line":3}},"branchMap":{"0":{"loc":{"start":{"line":8,"column":2},"end":{"line":10,"column":3}},"type":"if","locations":[{"start":{"line":8,"column":2},"end":{"line":10,"column":3}},{"start":{},"end":{}}],"line":8},"1":{"loc":{"start":{"line":17,"column":44},"end":{"line":17,"column":79}},"type":"binary-expr","locations":[{"start":{"line":17,"column":44},"end":{"line":17,"column":66}},{"start":{"line":17,"column":70},"end":{"line":17,"column":79}}],"line":17}},"s":{"0":1,"1":1,"2":0,"3":0,"4":0,"5":0,"6":0,"7":0,"8":0,"9":0,"10":0},"f":{"0":0},"b":{"0":[0,0],"1":[0,0]},"_coverageSchema":"1a1c01bbd47fc00a2c39e90264f33305004495a9","hash":"4d8bd62e78540399a4a9c70fc343ce3ab71b7807"}
,"/home/ubuntu/retro-g/mi-api/src/models/UsuarioModel.js": {"path":"/home/ubuntu/retro-g/mi-api/src/models/UsuarioModel.js","statementMap":{"0":{"start":{"line":1,"column":13},"end":{"line":1,"column":36}},"1":{"start":{"line":5,"column":19},"end":{"line":5,"column":87}},"2":{"start":{"line":6,"column":4},"end":{"line":6,"column":26}},"3":{"start":{"line":11,"column":45},"end":{"line":11,"column":52}},"4":{"start":{"line":12,"column":19},"end":{"line":15,"column":5}},"5":{"start":{"line":16,"column":4},"end":{"line":16,"column":26}},"6":{"start":{"line":20,"column":0},"end":{"line":20,"column":36}}},"fnMap":{"0":{"name":"(anonymous_0)","decl":{"start":{"line":4,"column":2},"end":{"line":4,"column":3}},"loc":{"start":{"line":4,"column":27},"end":{"line":7,"column":3}},"line":4},"1":{"name":"(anonymous_1)","decl":{"start":{"line":10,"column":2},"end":{"line":10,"column":3}},"loc":{"start":{"line":10,"column":24},"end":{"line":17,"column":3}},"line":10}},"branchMap":{"0":{"loc":{"start":{"line":14,"column":32},"end":{"line":14,"column":48}},"type":"binary-expr","locations":[{"start":{"line":14,"column":32},"end":{"line":14,"column":35}},{"start":{"line":14,"column":39},"end":{"line":14,"column":48}}],"line":14}},"s":{"0":1,"1":1,"2":1,"3":0,"4":0,"5":0,"6":1},"f":{"0":1,"1":0},"b":{"0":[0,0]},"_coverageSchema":"1a1c01bbd47fc00a2c39e90264f33305004495a9","hash":"a9ff1b3b4ca457b8406a2a3cb832bea5b5aa5fab"}
,"/home/ubuntu/retro-g/mi-api/src/routes/authRoutes.js": {"path":"/home/ubuntu/retro-g/mi-api/src/routes/authRoutes.js","statementMap":{"0":{"start":{"line":1,"column":16},"end":{"line":1,"column":34}},"1":{"start":{"line":2,"column":15},"end":{"line":2,"column":31}},"2":{"start":{"line":3,"column":23},"end":{"line":3,"column":63}},"3":{"start":{"line":28,"column":0},"end":{"line":28,"column":44}},"4":{"start":{"line":56,"column":0},"end":{"line":56,"column":50}},"5":{"start":{"line":58,"column":0},"end":{"line":58,"column":24}}},"fnMap":{},"branchMap":{},"s":{"0":1,"1":1,"2":1,"3":1,"4":1,"5":1},"f":{},"b":{},"_coverageSchema":"1a1c01bbd47fc00a2c39e90264f33305004495a9","hash":"176fb2cc2c18ed0ed62227ebb86f0a8bd0f4afcf"}
,"/home/ubuntu/retro-g/mi-api/src/routes/productoRoutes.js": {"path":"/home/ubuntu/retro-g/mi-api/src/routes/productoRoutes.js","statementMap":{"0":{"start":{"line":1,"column":16},"end":{"line":1,"column":34}},"1":{"start":{"line":2,"column":15},"end":{"line":2,"column":31}},"2":{"start":{"line":3,"column":27},"end":{"line":3,"column":71}},"3":{"start":{"line":4,"column":23},"end":{"line":4,"column":62}},"4":{"start":{"line":10,"column":0},"end":{"line":10,"column":52}},"5":{"start":{"line":13,"column":0},"end":{"line":13,"column":55}},"6":{"start":{"line":19,"column":0},"end":{"line":19,"column":68}},"7":{"start":{"line":22,"column":0},"end":{"line":22,"column":70}},"8":{"start":{"line":25,"column":0},"end":{"line":25,"column":73}},"9":{"start":{"line":27,"column":0},"end":{"line":27,"column":24}}},"fnMap":{},"branchMap":{},"s":{"0":1,"1":1,"2":1,"3":1,"4":1,"5":1,"6":1,"7":1,"8":1,"9":1},"f":{},"b":{},"_coverageSchema":"1a1c01bbd47fc00a2c39e90264f33305004495a9","hash":"7fc6bb3ed05a00cf2f90c67be87078c99c190e6d"}
}
